android/build/intermediates/manifest_merge_blame_file/debug/manifest-merger-blame-debug-report.txt
1<?xml version="1.0" encoding="utf-8"?>
2<manifest xmlns:android="http://schemas.android.com/apk/res/android"
3    package="com.oblador.keychain" >
4
5    <uses-sdk android:minSdkVersion="23" />
6
7    <uses-permission android:name="android.permission.USE_BIOMETRIC" />
7-->src/main/AndroidManifest.xml:6:3-70
7-->src/main/AndroidManifest.xml:6:20-67
8    <uses-permission android:name="android.permission.USE_FINGERPRINT" />
8-->src/main/AndroidManifest.xml:7:3-72
8-->src/main/AndroidManifest.xml:7:20-69
9
10</manifest>